<?xml version="1.0" encoding="UTF-8"?>
<testsuite name="com.bridgelabz.db.automation.DBAutomationTesting" tests="1" skipped="0" failures="0" errors="0" timestamp="2022-06-14T09:55:02" hostname="DESKTOP-FTC32SQ" time="0.262">
  <properties/>
  <testcase name="insert" classname="com.bridgelabz.db.automation.DBAutomationTesting" time="0.262"/>
  <system-out><![CDATA[----------Insert data---------
Data inserted successfully...
----------Fetch data from database---------
76 Gireesh Mulani 20 
206 Ashok Koda 26 
241 Lasya Sree 12 
940 Mani Mulani 25 
-------------------------------------------------------
Total count : 4
-------------------------------------------------------
-------------------------------------------------------
-------------------------------------------------------
]]></system-out>
  <system-err><![CDATA[]]></system-err>
</testsuite>
